kotlin version: 2.2.10
error message: Incremental compilation failed: Index 6 out of bounds for length 0
java.lang.ArrayIndexOutOfBoundsException: Index 6 out of bounds for length 0
	at org.jetbrains.org.objectweb.asm.ClassReader.readShort(ClassReader.java:3757)
	at org.jetbrains.org.objectweb.asm.ClassReader.<init>(ClassReader.java:206)
	at org.jetbrains.org.objectweb.asm.ClassReader.<init>(ClassReader.java:188)
	at org.jetbrains.org.objectweb.asm.ClassReader.<init>(ClassReader.java:174)
	at org.jetbrains.kotlin.load.kotlin.FileBasedKotlinClass.create(FileBasedKotlinClass.java:87)
	at org.jetbrains.kotlin.incremental.LocalFileKotlinClass$Companion.create(LocalFileKotlinClass.kt:38)
	at org.jetbrains.kotlin.build.GeneratedJvmClass.<init>(generatedFiles.kt:39)
	at org.jetbrains.kotlin.compilerRunner.SimpleOutputItemKt.toGeneratedFile(SimpleOutputItem.kt:31)
	at org.jetbrains.kotlin.incremental.IncrementalCompilerRunner.doCompile(IncrementalCompilerRunner.kt:526)
	at org.jetbrains.kotlin.incremental.IncrementalCompilerRunner.compileImpl(IncrementalCompilerRunner.kt:421)
	at org.jetbrains.kotlin.incremental.IncrementalCompilerRunner.tryCompileIncrementally$lambda$10$compile(IncrementalCompilerRunner.kt:254)
	at org.jetbrains.kotlin.incremental.IncrementalCompilerRunner.tryCompileIncrementally(IncrementalCompilerRunner.kt:272)
	at org.jetbrains.kotlin.incremental.IncrementalCompilerRunner.compile(IncrementalCompilerRunner.kt:124)
	at org.jetbrains.kotlin.daemon.CompileServiceImplBase.execIncrementalCompiler(CompileServiceImpl.kt:679)
	at org.jetbrains.kotlin.daemon.CompileServiceImplBase.access$execIncrementalCompiler(CompileServiceImpl.kt:93)
	at org.jetbrains.kotlin.daemon.CompileServiceImpl.compile(CompileServiceImpl.kt:1806)
	at java.base/jdk.internal.reflect.DirectMethodHandleAccessor.invoke(Unknown Source)
	at java.base/java.lang.reflect.Method.invoke(Unknown Source)
	at java.rmi/sun.rmi.server.UnicastServerRef.dispatch(Unknown Source)
	at java.rmi/sun.rmi.transport.Transport$1.run(Unknown Source)
	at java.rmi/sun.rmi.transport.Transport$1.run(Unknown Source)
	at java.base/java.security.AccessController.doPrivileged(Unknown Source)
	at java.rmi/sun.rmi.transport.Transport.serviceCall(Unknown Source)
	at java.rmi/sun.rmi.transport.tcp.TCPTransport.handleMessages(Unknown Source)
	at java.rmi/sun.rmi.transport.tcp.TCPTransport$ConnectionHandler.run0(Unknown Source)
	at java.rmi/sun.rmi.transport.tcp.TCPTransport$ConnectionHandler.lambda$run$0(Unknown Source)
	at java.base/java.security.AccessController.doPrivileged(Unknown Source)
	at java.rmi/sun.rmi.transport.tcp.TCPTransport$ConnectionHandler.run(Unknown Source)
	at java.base/java.util.concurrent.ThreadPoolExecutor.runWorker(Unknown Source)
	at java.base/java.util.concurrent.ThreadPoolExecutor$Worker.run(Unknown Source)
	at java.base/java.lang.Thread.run(Unknown Source)


